生成启动时间为 2022/9/30 12:12:26。
     1>项目“C:\Users\Lenovo\Documents\Visual Studio 2013\Projects\比特\test22-9-30\test22-9-30\test22-9-30.vcxproj”在节点 2 上(Build 个目标)。
     1>ClCompile:
         D:\Program Files (x86)\Microsoft Visual Studio 12.0\VC\bin\CL.exe /c /ZI /nologo /W3 /WX- /sdl /Od /Oy- /D _MBCS /Gm /EHsc /RTC1 /MDd /GS /fp:precise /Zc:wchar_t /Zc:forScope /Fo"Debug\\" /Fd"Debug\vc120.pdb" /Gd /TC /analyze- /errorReport:prompt test.c
         test.c
     1>c:\users\lenovo\documents\visual studio 2013\projects\比特\test22-9-30\test22-9-30\test.c(8): warning C4013: “printf”未定义；假设外部返回 int
     1>c:\users\lenovo\documents\visual studio 2013\projects\比特\test22-9-30\test22-9-30\test.c(45): warning C4013: “strlen”未定义；假设外部返回 int
     1>c:\users\lenovo\documents\visual studio 2013\projects\比特\test22-9-30\test22-9-30\test.c(59): error C2374: “arr”: 重定义；多次初始化
                 c:\users\lenovo\documents\visual studio 2013\projects\比特\test22-9-30\test22-9-30\test.c(30) : 参见“arr”的声明
     1>c:\users\lenovo\documents\visual studio 2013\projects\比特\test22-9-30\test22-9-30\test.c(121): error C2369: “a”: 重定义；不同的下标
                 c:\users\lenovo\documents\visual studio 2013\projects\比特\test22-9-30\test22-9-30\test.c(6) : 参见“a”的声明
     1>c:\users\lenovo\documents\visual studio 2013\projects\比特\test22-9-30\test22-9-30\test.c(125): error C2109: 下标要求数组或指针类型
     1>c:\users\lenovo\documents\visual studio 2013\projects\比特\test22-9-30\test22-9-30\test.c(131): error C2100: 非法的间接寻址
     1>已完成生成项目“C:\Users\Lenovo\Documents\Visual Studio 2013\Projects\比特\test22-9-30\test22-9-30\test22-9-30.vcxproj”(Build 个目标)的操作 - 失败。

生成失败。

已用时间 00:00:01.73
